<?xml version="1.0" encoding="UTF-8"?>
<!-- Generated by org.testng.reporters.JUnitReportReporter -->
<testsuite skipped="0" hostname="HP-PC" name="com.scp.testng.testcasedemo.BTest" tests="4" failures="0" timestamp="11 Apr 2018 12:02:08 GMT" time="0.007" errors="0">
  <testcase name="b4" time="0.001" classname="com.scp.testng.testcasedemo.BTest"/>
  <testcase name="b2" time="0.003" classname="com.scp.testng.testcasedemo.BTest"/>
  <testcase name="b3" time="0.001" classname="com.scp.testng.testcasedemo.BTest"/>
  <testcase name="b1" time="0.002" classname="com.scp.testng.testcasedemo.BTest"/>
</testsuite> <!-- com.scp.testng.testcasedemo.BTest -->
