<?xml version="1.0" encoding="UTF-8"?>
<!-- Generated by org.testng.reporters.JUnitReportReporter -->
<testsuite skipped="0" hostname="HP-PC" name="com.scp.testng.testcasedemo.ATest" tests="4" failures="0" timestamp="11 Apr 2018 12:02:08 GMT" time="0.011" errors="0">
  <testcase name="a2" time="0.002" classname="com.scp.testng.testcasedemo.ATest"/>
  <testcase name="a4" time="0.001" classname="com.scp.testng.testcasedemo.ATest"/>
  <testcase name="a1" time="0.006" classname="com.scp.testng.testcasedemo.ATest"/>
  <testcase name="a3" time="0.002" classname="com.scp.testng.testcasedemo.ATest"/>
</testsuite> <!-- com.scp.testng.testcasedemo.ATest -->
